
		Tue Jul 18 2023
11:45:59 OpenLink Virtuoso Universal Server
11:45:59 Version 07.20.3233-pthreads for Linux as of Nov 24 2021
11:45:59 uses OpenSSL 1.0.2n  7 Dec 2017
11:45:59 uses parts of PCRE, Html Tidy
11:45:59 SQL Optimizer enabled (max 1000 layouts)
11:45:59 Compiler unit is timed at 0.000214 msec
11:46:01 Checkpoint started
11:46:02 Roll forward started
11:46:02 Roll forward complete
11:46:02 Checkpoint started
11:46:02 Checkpoint finished, log reused
11:46:02 Checkpoint started
11:46:02 Checkpoint finished, log reused
11:46:02 Checkpoint started
11:46:02 Checkpoint finished, log reused
11:46:02 Checkpoint started
11:46:02 Checkpoint finished, log reused
11:46:02 Checkpoint started
11:46:02 Checkpoint finished, log reused
11:46:03 PL LOG: Installing Virtuoso Conductor version 1.00.8823 (DAV)
11:46:03 PL LOG: Installing with dependencies Virtuoso Conductor version 1.00.8823/2021-11-24 14:19 (DAV)
11:46:03 Checkpoint started
11:46:03 Checkpoint finished, log reused
11:46:06 Checkpoint started
11:46:06 Checkpoint finished, log reused
11:46:06 PL LOG: Installation with dependencies complete
11:46:06 Checkpoint started
11:46:06 Checkpoint finished, log reused
11:46:06 HTTP/WebDAV server online at 27015
11:46:06 Server online at 1111 (pid 19)
11:46:06 Server received signal 15
11:46:06 Initiating quick shutdown
11:46:06 Server shutdown complete

		Tue Jul 18 2023
11:46:06 OpenLink Virtuoso Universal Server
11:46:06 Version 07.20.3233-pthreads for Linux as of Nov 24 2021
11:46:06 uses OpenSSL 1.0.2n  7 Dec 2017
11:46:06 uses parts of PCRE, Html Tidy
11:46:06 Database version 3126
11:46:06 SQL Optimizer enabled (max 1000 layouts)
11:46:08 Compiler unit is timed at 0.000084 msec
11:46:08 Roll forward started
11:46:08 Roll forward complete
11:46:08 Checkpoint started
11:46:08 Checkpoint finished, log reused
11:46:08 HTTP/WebDAV server online at 8890
11:46:08 Server online at 1111 (pid 1)
11:56:10 ERRS_0 01V01 QW004 Incompatible types VARCHAR (182) and INTEGER (189) in COALESCE for coalesce_ret and <constant>
11:56:10 ERRS_0 01V01 QW004 Incompatible types VARCHAR (182) and INTEGER (189) in := for coalesce_ret and <constant>
11:56:10 ERRS_0 01V01 QW004 Incompatible types VARCHAR (182) and INTEGER (189) in COALESCE for coalesce_ret and <constant>
11:56:10 ERRS_0 01V01 QW004 Incompatible types VARCHAR (182) and INTEGER (189) in := for coalesce_ret and <constant>
11:58:52 Server received signal 15
11:58:52 Initiating quick shutdown
11:58:52 Server shutdown complete

		Tue Jul 18 2023
12:20:59 OpenLink Virtuoso Universal Server
12:20:59 Version 07.20.3233-pthreads for Linux as of Nov 24 2021
12:20:59 uses OpenSSL 1.0.2n  7 Dec 2017
12:20:59 uses parts of PCRE, Html Tidy
12:20:59 Database version 3126
12:20:59 SQL Optimizer enabled (max 1000 layouts)
12:21:00 Compiler unit is timed at 0.000117 msec
12:21:00 Roll forward started
12:21:01 Roll forward complete
12:21:01 Checkpoint started
12:21:01 Checkpoint finished, log reused
12:21:01 HTTP/WebDAV server online at 8890
12:21:01 Server online at 1111 (pid 1)
12:22:26 ERRS_0 42000 UD021 No user defined class DB.DBA.page_f97a0fe94cf12fd45d8652041b3640e3V_VAD_conductor_main__tabs_vspx
12:22:26 ERRS_0 01V01 QW001 Local declaration of control shadows a definition of the same name
12:22:26 ERRS_0 42000 UD021 No user defined class DB.DBA.page_23a9644beceec46b97fd1b95fe9fad7ductor_adm__navigation__bar_vspx
12:22:26 ERRS_0 01V01 QW008 Invalid = comparison operation argument control type INSTANCE (254)
12:22:26 ERRS_0 01V01 QW008 Invalid = comparison operation argument control type INSTANCE (254)
12:22:26 ERRS_0 01V01 QW001 Local declaration of control shadows a definition of the same name
12:22:26 ERRS_0 01V01 QW001 Local declaration of inx shadows a definition of the same name
12:22:43 ERRS_0 42000 UD021 No user defined class DB.DBA.page_11423e4072be6bf89a6acf13a6482ebeAV_VAD_conductor_sys__info_vspx
12:22:43 ERRS_0 01V01 QW001 Local declaration of control shadows a definition of the same name
12:22:43 ERRS_0 42000 UD021 No user defined class DB.DBA.page_8c10852d8dad2c5e18e23d7c1f2ff447_conductor_dashboard__item_vspx
12:22:43 ERRS_0 01V01 QW001 Local declaration of params shadows a definition of the same name
12:22:45 ERRS_0 42000 UD021 No user defined class DB.DBA.page_595004fee1c5fde185154fc61d5aea2dAV_VAD_conductor_databases_vspx
12:22:45 ERRS_0 01V01 QW002 The column KEY_TABLE in an SQL statement shadows the local variable of the same name.Either qualify the the column reference or use the AS to rename it
12:22:45 ERRS_0 01V01 QW002 The column KEY_TABLE in an SQL statement shadows the local variable of the same name.Either qualify the the column reference or use the AS to rename it
12:22:45 ERRS_0 01V01 QW002 The column KEY_TABLE in an SQL statement shadows the local variable of the same name.Either qualify the the column reference or use the AS to rename it
12:22:45 ERRS_0 01V01 QW002 The column KEY_TABLE in an SQL statement shadows the local variable of the same name.Either qualify the the column reference or use the AS to rename it
12:22:45 ERRS_0 01V01 QW002 The column KEY_TABLE in an SQL statement shadows the local variable of the same name.Either qualify the the column reference or use the AS to rename it
12:22:45 ERRS_0 01V01 QW008 Invalid = comparison operation argument ve_button type INSTANCE (254)
12:22:45 ERRS_0 01V01 QW004 Incompatible types INTEGER (189) and INSTANCE DB.DBA.vspx_control (254) in = for <constant> and ve_button
12:22:45 ERRS_0 01V01 QW002 <unspec>:2198: vc_data_bind_ds_tables: The column KEY_TABLE in an SQL statement shadows the local variable of the same name.Either qualify the the column reference or use the AS to rename it
12:22:45 ERRS_0 01V01 QW002 <unspec>:2198: vc_data_bind_ds_tables: The column KEY_TABLE in an SQL statement shadows the local variable of the same name.Either qualify the the column reference or use the AS to rename it
12:22:45 ERRS_0 01V01 QW002 <unspec>:2198: vc_data_bind_ds_tables: The column KEY_TABLE in an SQL statement shadows the local variable of the same name.Either qualify the the column reference or use the AS to rename it
12:22:45 ERRS_0 01V01 QW002 <unspec>:2198: vc_data_bind_ds_tables: The column KEY_TABLE in an SQL statement shadows the local variable of the same name.Either qualify the the column reference or use the AS to rename it
12:22:45 ERRS_0 01V01 QW002 <unspec>:2198: vc_data_bind_ds_tables: The column KEY_TABLE in an SQL statement shadows the local variable of the same name.Either qualify the the column reference or use the AS to rename it
12:22:45 ERRS_0 01V01 QW001 <unspec>:2198: vc_data_bind_ds_tables: Local declaration of inx shadows a definition of the same name
12:22:45 ERRS_0 01V01 QW001 <unspec>:2198: vc_data_bind_ds_tables: Local declaration of control shadows a definition of the same name
12:22:45 ERRS_0 01V01 QW002 The column V_NAME in an SQL statement shadows the local variable of the same name.Either qualify the the column reference or use the AS to rename it
12:22:45 ERRS_0 01V01 QW002 The column V_NAME in an SQL statement shadows the local variable of the same name.Either qualify the the column reference or use the AS to rename it
12:22:45 ERRS_0 01V01 QW002 The column V_NAME in an SQL statement shadows the local variable of the same name.Either qualify the the column reference or use the AS to rename it
12:22:45 ERRS_0 01V01 QW002 The column V_NAME in an SQL statement shadows the local variable of the same name.Either qualify the the column reference or use the AS to rename it
12:22:45 ERRS_0 01V01 QW002 The column V_NAME in an SQL statement shadows the local variable of the same name.Either qualify the the column reference or use the AS to rename it
12:22:45 ERRS_0 01V01 QW008 Invalid = comparison operation argument ve_button type INSTANCE (254)
12:22:45 ERRS_0 01V01 QW004 Incompatible types INTEGER (189) and INSTANCE DB.DBA.vspx_control (254) in = for <constant> and ve_button
12:22:45 ERRS_0 01V01 QW002 <unspec>:2198: vc_data_bind_ds_views: The column V_NAME in an SQL statement shadows the local variable of the same name.Either qualify the the column reference or use the AS to rename it
12:22:45 ERRS_0 01V01 QW002 <unspec>:2198: vc_data_bind_ds_views: The column V_NAME in an SQL statement shadows the local variable of the same name.Either qualify the the column reference or use the AS to rename it
12:22:45 ERRS_0 01V01 QW002 <unspec>:2198: vc_data_bind_ds_views: The column V_NAME in an SQL statement shadows the local variable of the same name.Either qualify the the column reference or use the AS to rename it
12:22:45 ERRS_0 01V01 QW002 <unspec>:2198: vc_data_bind_ds_views: The column V_NAME in an SQL statement shadows the local variable of the same name.Either qualify the the column reference or use the AS to rename it
12:22:45 ERRS_0 01V01 QW002 <unspec>:2198: vc_data_bind_ds_views: The column V_NAME in an SQL statement shadows the local variable of the same name.Either qualify the the column reference or use the AS to rename it
12:22:45 ERRS_0 01V01 QW001 <unspec>:2198: vc_data_bind_ds_views: Local declaration of inx shadows a definition of the same name
12:22:45 ERRS_0 01V01 QW001 <unspec>:2198: vc_data_bind_ds_views: Local declaration of control shadows a definition of the same name
12:22:45 ERRS_0 01V01 QW002 The column P_NAME in an SQL statement shadows the local variable of the same name.Either qualify the the column reference or use the AS to rename it
12:22:45 ERRS_0 01V01 QW002 The column P_NAME in an SQL statement shadows the local variable of the same name.Either qualify the the column reference or use the AS to rename it
12:22:45 ERRS_0 01V01 QW002 The column P_NAME in an SQL statement shadows the local variable of the same name.Either qualify the the column reference or use the AS to rename it
12:22:45 ERRS_0 01V01 QW002 The column P_NAME in an SQL statement shadows the local variable of the same name.Either qualify the the column reference or use the AS to rename it
12:22:45 ERRS_0 01V01 QW002 The column P_NAME in an SQL statement shadows the local variable of the same name.Either qualify the the column reference or use the AS to rename it
12:22:45 ERRS_0 01V01 QW002 The column P_TYPE in an SQL statement shadows the local variable of the same name.Either qualify the the column reference or use the AS to rename it
12:22:45 ERRS_0 01V01 QW002 The column P_NAME in an SQL statement shadows the local variable of the same name.Either qualify the the column reference or use the AS to rename it
12:22:45 ERRS_0 01V01 QW008 Invalid = comparison operation argument ve_button type INSTANCE (254)
12:22:45 ERRS_0 01V01 QW004 Incompatible types INTEGER (189) and INSTANCE DB.DBA.vspx_control (254) in = for <constant> and ve_button
12:22:45 ERRS_0 01V01 QW002 <unspec>:2198: vc_data_bind_ds_procs: The column P_NAME in an SQL statement shadows the local variable of the same name.Either qualify the the column reference or use the AS to rename it
12:22:45 ERRS_0 01V01 QW002 <unspec>:2198: vc_data_bind_ds_procs: The column P_NAME in an SQL statement shadows the local variable of the same name.Either qualify the the column reference or use the AS to rename it
12:22:45 ERRS_0 01V01 QW002 <unspec>:2198: vc_data_bind_ds_procs: The column P_NAME in an SQL statement shadows the local variable of the same name.Either qualify the the column reference or use the AS to rename it
12:22:45 ERRS_0 01V01 QW002 <unspec>:2198: vc_data_bind_ds_procs: The column P_NAME in an SQL statement shadows the local variable of the same name.Either qualify the the column reference or use the AS to rename it
12:22:45 ERRS_0 01V01 QW002 <unspec>:2198: vc_data_bind_ds_procs: The column P_NAME in an SQL statement shadows the local variable of the same name.Either qualify the the column reference or use the AS to rename it
12:22:45 ERRS_0 01V01 QW002 <unspec>:2198: vc_data_bind_ds_procs: The column P_TYPE in an SQL statement shadows the local variable of the same name.Either qualify the the column reference or use the AS to rename it
12:22:45 ERRS_0 01V01 QW002 <unspec>:2198: vc_data_bind_ds_procs: The column P_NAME in an SQL statement shadows the local variable of the same name.Either qualify the the column reference or use the AS to rename it
12:22:45 ERRS_0 01V01 QW001 <unspec>:2198: vc_data_bind_ds_procs: Local declaration of inx shadows a definition of the same name
12:22:45 ERRS_0 01V01 QW001 <unspec>:2198: vc_data_bind_ds_procs: Local declaration of control shadows a definition of the same name
12:22:45 ERRS_0 01V01 QW002 The column UT_NAME in an SQL statement shadows the local variable of the same name.Either qualify the the column reference or use the AS to rename it
12:22:45 ERRS_0 01V01 QW002 The column UT_NAME in an SQL statement shadows the local variable of the same name.Either qualify the the column reference or use the AS to rename it
12:22:45 ERRS_0 01V01 QW002 The column UT_NAME in an SQL statement shadows the local variable of the same name.Either qualify the the column reference or use the AS to rename it
12:22:45 ERRS_0 01V01 QW002 The column UT_NAME in an SQL statement shadows the local variable of the same name.Either qualify the the column reference or use the AS to rename it
12:22:45 ERRS_0 01V01 QW002 The column UT_NAME in an SQL statement shadows the local variable of the same name.Either qualify the the column reference or use the AS to rename it
12:22:45 ERRS_0 01V01 QW002 The column UT_NAME in an SQL statement shadows the local variable of the same name.Either qualify the the column reference or use the AS to rename it
12:22:45 ERRS_0 01V01 QW008 Invalid = comparison operation argument ve_button type INSTANCE (254)
12:22:45 ERRS_0 01V01 QW004 Incompatible types INTEGER (189) and INSTANCE DB.DBA.vspx_control (254) in = for <constant> and ve_button
12:22:45 ERRS_0 01V01 QW002 <unspec>:2198: vc_data_bind_ds_udt: The column UT_NAME in an SQL statement shadows the local variable of the same name.Either qualify the the column reference or use the AS to rename it
12:22:45 ERRS_0 01V01 QW002 <unspec>:2198: vc_data_bind_ds_udt: The column UT_NAME in an SQL statement shadows the local variable of the same name.Either qualify the the column reference or use the AS to rename it
12:22:45 ERRS_0 01V01 QW002 <unspec>:2198: vc_data_bind_ds_udt: The column UT_NAME in an SQL statement shadows the local variable of the same name.Either qualify the the column reference or use the AS to rename it
12:22:45 ERRS_0 01V01 QW002 <unspec>:2198: vc_data_bind_ds_udt: The column UT_NAME in an SQL statement shadows the local variable of the same name.Either qualify the the column reference or use the AS to rename it
12:22:45 ERRS_0 01V01 QW002 <unspec>:2198: vc_data_bind_ds_udt: The column UT_NAME in an SQL statement shadows the local variable of the same name.Either qualify the the column reference or use the AS to rename it
12:22:45 ERRS_0 01V01 QW002 <unspec>:2198: vc_data_bind_ds_udt: The column UT_NAME in an SQL statement shadows the local variable of the same name.Either qualify the the column reference or use the AS to rename it
12:22:45 ERRS_0 01V01 QW001 <unspec>:2198: vc_data_bind_ds_udt: Local declaration of inx shadows a definition of the same name
12:22:45 ERRS_0 01V01 QW001 <unspec>:2198: vc_data_bind_ds_udt: Local declaration of control shadows a definition of the same name
12:22:45 ERRS_0 01V01 QW002 The column KEY_TABLE in an SQL statement shadows the local variable of the same name.Either qualify the the column reference or use the AS to rename it
12:22:45 ERRS_0 01V01 QW002 The column KEY_TABLE in an SQL statement shadows the local variable of the same name.Either qualify the the column reference or use the AS to rename it
12:22:45 ERRS_0 01V01 QW002 The column KEY_TABLE in an SQL statement shadows the local variable of the same name.Either qualify the the column reference or use the AS to rename it
12:22:45 ERRS_0 01V01 QW002 The column KEY_TABLE in an SQL statement shadows the local variable of the same name.Either qualify the the column reference or use the AS to rename it
12:22:45 ERRS_0 01V01 QW002 The column KEY_TABLE in an SQL statement shadows the local variable of the same name.Either qualify the the column reference or use the AS to rename it
12:22:45 ERRS_0 01V01 QW002 The column V_NAME in an SQL statement shadows the local variable of the same name.Either qualify the the column reference or use the AS to rename it
12:22:45 ERRS_0 01V01 QW002 The column V_NAME in an SQL statement shadows the local variable of the same name.Either qualify the the column reference or use the AS to rename it
12:22:45 ERRS_0 01V01 QW002 The column V_NAME in an SQL statement shadows the local variable of the same name.Either qualify the the column reference or use the AS to rename it
12:22:45 ERRS_0 01V01 QW002 The column V_NAME in an SQL statement shadows the local variable of the same name.Either qualify the the column reference or use the AS to rename it
12:22:45 ERRS_0 01V01 QW002 The column V_NAME in an SQL statement shadows the local variable of the same name.Either qualify the the column reference or use the AS to rename it
12:22:45 ERRS_0 01V01 QW002 The column P_NAME in an SQL statement shadows the local variable of the same name.Either qualify the the column reference or use the AS to rename it
12:22:45 ERRS_0 01V01 QW002 The column P_NAME in an SQL statement shadows the local variable of the same name.Either qualify the the column reference or use the AS to rename it
12:22:45 ERRS_0 01V01 QW002 The column P_NAME in an SQL statement shadows the local variable of the same name.Either qualify the the column reference or use the AS to rename it
12:22:45 ERRS_0 01V01 QW002 The column P_NAME in an SQL statement shadows the local variable of the same name.Either qualify the the column reference or use the AS to rename it
12:22:45 ERRS_0 01V01 QW002 The column P_NAME in an SQL statement shadows the local variable of the same name.Either qualify the the column reference or use the AS to rename it
12:22:45 ERRS_0 01V01 QW002 The column P_TYPE in an SQL statement shadows the local variable of the same name.Either qualify the the column reference or use the AS to rename it
12:22:45 ERRS_0 01V01 QW002 The column P_NAME in an SQL statement shadows the local variable of the same name.Either qualify the the column reference or use the AS to rename it
12:22:45 ERRS_0 01V01 QW002 The column UT_NAME in an SQL statement shadows the local variable of the same name.Either qualify the the column reference or use the AS to rename it
12:22:45 ERRS_0 01V01 QW002 The column UT_NAME in an SQL statement shadows the local variable of the same name.Either qualify the the column reference or use the AS to rename it
12:22:45 ERRS_0 01V01 QW002 The column UT_NAME in an SQL statement shadows the local variable of the same name.Either qualify the the column reference or use the AS to rename it
12:22:45 ERRS_0 01V01 QW002 The column UT_NAME in an SQL statement shadows the local variable of the same name.Either qualify the the column reference or use the AS to rename it
12:22:45 ERRS_0 01V01 QW002 The column UT_NAME in an SQL statement shadows the local variable of the same name.Either qualify the the column reference or use the AS to rename it
12:22:45 ERRS_0 01V01 QW002 The column UT_NAME in an SQL statement shadows the local variable of the same name.Either qualify the the column reference or use the AS to rename it
12:22:45 ERRS_0 01V01 QW001 Local declaration of control shadows a definition of the same name
12:22:45 ERRS_0 01V01 QW001 Local declaration of control shadows a definition of the same name
12:22:45 ERRS_0 01V01 QW004 Incompatible types INSTANCE DB.DBA.vspx_data_set (254) and INSTANCE DB.DBA.vspx_control (254) in := for ds and control
12:22:45 ERRS_0 01V01 QW001 Local declaration of control shadows a definition of the same name
12:22:45 ERRS_0 01V01 QW001 Local declaration of control shadows a definition of the same name
12:22:45 ERRS_0 01V01 QW004 Incompatible types INSTANCE DB.DBA.vspx_data_set (254) and INSTANCE DB.DBA.vspx_control (254) in := for ds and control
12:22:45 ERRS_0 01V01 QW001 Local declaration of control shadows a definition of the same name
12:22:45 ERRS_0 01V01 QW001 Local declaration of control shadows a definition of the same name
12:22:45 ERRS_0 01V01 QW004 Incompatible types INSTANCE DB.DBA.vspx_data_set (254) and INSTANCE DB.DBA.vspx_control (254) in := for ds and control
12:22:45 ERRS_0 01V01 QW001 Local declaration of control shadows a definition of the same name
12:22:45 ERRS_0 01V01 QW001 Local declaration of control shadows a definition of the same name
12:22:45 ERRS_0 01V01 QW004 Incompatible types INSTANCE DB.DBA.vspx_data_set (254) and INSTANCE DB.DBA.vspx_control (254) in := for ds and control
12:22:45 ERRS_0 01V01 QW001 Local declaration of control shadows a definition of the same name
12:22:45 ERRS_0 01V01 QW001 Local declaration of control shadows a definition of the same name
12:22:45 ERRS_0 01V01 QW001 Local declaration of inx shadows a definition of the same name
12:22:51 ERRS_0 42000 UD021 No user defined class DB.DBA.page_d190a278c2554ff79e0f0863a59b6c21AD_conductor_sparql__input_vspx
12:22:51 ERRS_0 01V01 QW001 Local declaration of control shadows a definition of the same name
12:22:55 ERRS_0 42000 UD021 No user defined class DB.DBA.page_312a733cc91f2d8d3e4373a5090e0b70VAD_conductor_graphs__page_vspx
12:22:55 ERRS_0 01V01 QW001 Local declaration of params shadows a definition of the same name
12:22:55 ERRS_0 01V01 QW001 Local declaration of control shadows a definition of the same name
12:22:57 ERRS_0 42000 UD021 No user defined class DB.DBA.page_908e67c2cf7b187e80c845d09496bd09VAD_conductor_rdf__schemas_vspx
12:22:57 ERRS_0 01V01 QW001 Local declaration of control shadows a definition of the same name
12:23:01 ERRS_0 42000 UD021 No user defined class DB.DBA.page__DAV_VAD_conductor_isql_vspx
12:23:01 ERRS_0 01V01 QW004 Incompatible types INTEGER (189) and VARCHAR (182) in = for <constant> and gen_table_sel
12:23:01 ERRS_0 01V01 QW004 Incompatible types INTEGER (189) and VARCHAR (182) in = for <constant> and load_sql
12:23:01 ERRS_0 01V01 QW008 Invalid = comparison operation argument ve_button type INSTANCE (254)
12:23:01 ERRS_0 01V01 QW008 Invalid = comparison operation argument control type INSTANCE (254)
12:23:01 ERRS_0 01V01 QW008 Invalid = comparison operation argument ve_initiator type INSTANCE (254)
12:23:01 ERRS_0 01V01 QW008 Invalid = comparison operation argument src_type type INSTANCE (254)
12:23:01 ERRS_0 01V01 QW008 Invalid = comparison operation argument ve_button type INSTANCE (254)
12:23:01 ERRS_0 01V01 QW008 Invalid = comparison operation argument control type INSTANCE (254)
12:23:01 ERRS_0 01V01 QW008 Invalid = comparison operation argument ve_initiator type INSTANCE (254)
12:23:01 ERRS_0 01V01 QW008 Invalid = comparison operation argument src_utype type INSTANCE (254)
12:23:01 ERRS_0 01V01 QW001 Local declaration of control shadows a definition of the same name
12:23:16 ERRS_0 42000 UD021 No user defined class DB.DBA.page_2615299c8eedddb143fc27492b82ca5aonductor_persistent__xmlns_vspx
12:23:16 ERRS_0 01V01 QW008 Invalid = comparison operation argument ve_button type INSTANCE (254)
12:23:16 ERRS_0 01V01 QW004 Incompatible types INTEGER (189) and INSTANCE DB.DBA.vspx_control (254) in = for <constant> and ve_button
12:23:16 ERRS_0 01V01 QW001 Local declaration of control shadows a definition of the same name
12:23:17 ERRS_0 01V01 QW001 Local declaration of control shadows a definition of the same name
12:23:17 ERRS_0 01V01 QW004 Incompatible types INSTANCE DB.DBA.vspx_data_set (254) and INSTANCE DB.DBA.vspx_control (254) in := for callretSearchedCASE and control.vc_find_parent
12:23:17 ERRS_0 01V01 QW004 Incompatible types INSTANCE DB.DBA.vspx_data_set (254) and INSTANCE DB.DBA.vspx_control (254) in := for callretSearchedCASE and control.vc_find_parent
12:23:17 ERRS_0 01V01 QW001 Local declaration of control shadows a definition of the same name
12:23:17 ERRS_0 01V01 QW004 Incompatible types INSTANCE DB.DBA.vspx_data_set (254) and INSTANCE DB.DBA.vspx_control (254) in := for ds and control
12:23:17 ERRS_0 01V01 QW001 Local declaration of control shadows a definition of the same name
12:46:33 Server received signal 15
12:46:33 Initiating quick shutdown
12:46:33 Server shutdown complete

		Tue Jul 18 2023
13:05:55 OpenLink Virtuoso Universal Server
13:05:55 Version 07.20.3233-pthreads for Linux as of Nov 24 2021
13:05:55 uses OpenSSL 1.0.2n  7 Dec 2017
13:05:55 uses parts of PCRE, Html Tidy
13:05:55 Database version 3126
13:05:55 SQL Optimizer enabled (max 1000 layouts)
13:05:56 Compiler unit is timed at 0.000101 msec
13:05:56 Roll forward started
13:05:56 Roll forward complete
13:05:57 Checkpoint started
13:05:57 Checkpoint finished, log reused
13:05:59 HTTP/WebDAV server online at 8890
13:05:59 Server online at 1111 (pid 1)
13:25:14 Server received signal 15
13:25:14 Initiating quick shutdown
13:25:14 Server shutdown complete

		Tue Jul 18 2023
13:28:22 OpenLink Virtuoso Universal Server
13:28:22 Version 07.20.3233-pthreads for Linux as of Nov 24 2021
13:28:22 uses OpenSSL 1.0.2n  7 Dec 2017
13:28:22 uses parts of PCRE, Html Tidy
13:28:22 Database version 3126
13:28:22 SQL Optimizer enabled (max 1000 layouts)
13:28:23 Compiler unit is timed at 0.000151 msec
13:28:24 Roll forward started
13:28:24 Roll forward complete
13:28:24 Checkpoint started
13:28:24 Checkpoint finished, log reused
13:28:24 HTTP/WebDAV server online at 8890
13:28:25 Server online at 1111 (pid 1)
14:28:26 Checkpoint started
14:28:26 Checkpoint finished, log reused
15:28:28 Checkpoint started
15:28:28 Checkpoint finished, log reused
16:28:30 Checkpoint started
16:28:30 Checkpoint finished, log reused
17:28:30 Checkpoint started
17:28:30 Checkpoint finished, log reused
18:28:30 Checkpoint started
18:28:30 Checkpoint finished, log reused
19:28:31 Checkpoint started
19:28:31 Checkpoint finished, log reused
19:43:53 Server received signal 15
19:43:53 Initiating quick shutdown
19:43:53 Server shutdown complete

		Wed Jul 19 2023
07:14:11 OpenLink Virtuoso Universal Server
07:14:11 Version 07.20.3233-pthreads for Linux as of Nov 24 2021
07:14:11 uses OpenSSL 1.0.2n  7 Dec 2017
07:14:11 uses parts of PCRE, Html Tidy
07:14:11 Database version 3126
07:14:11 SQL Optimizer enabled (max 1000 layouts)
07:14:12 Compiler unit is timed at 0.000120 msec
07:14:13 Roll forward started
07:14:13 Roll forward complete
07:14:13 Checkpoint started
07:14:13 Checkpoint finished, log reused
07:14:13 HTTP/WebDAV server online at 8890
07:14:13 Server online at 1111 (pid 1)
08:14:14 Checkpoint started
08:14:14 Checkpoint finished, log reused
